<?xml version="1.0" encoding="UTF-8"?>
<coverage generated="1776897006276" clover="3.2.0">
  <project timestamp="1776897006276" name="All files">
    <metrics statements="4" coveredstatements="4" conditionals="0" coveredconditionals="0" methods="4" coveredmethods="1" elements="8" coveredelements="5" complexity="0" loc="4" ncloc="4" packages="1" files="1" classes="1"/>
    <file name="simple-reporter.ts" path="C:\Users\carine.417614\Documents\prova02-integration-test-Carine\simple-reporter.ts">
      <metrics statements="4" coveredstatements="4" conditionals="0" coveredconditionals="0" methods="4" coveredmethods="1"/>
      <line num="2" count="1" type="stmt"/>
      <line num="5" count="1" type="stmt"/>
      <line num="9" count="6" type="stmt"/>
      <line num="10" count="6" type="stmt"/>
    </file>
  </project>
</coverage>
